mode: set
github.com/eswaribala/claimapp/unittesting/user.go:20.33,23.18 1 1
github.com/eswaribala/claimapp/unittesting/user.go:23.18,25.3 1 0
github.com/eswaribala/claimapp/unittesting/user.go:26.2,26.19 1 1
github.com/eswaribala/claimapp/unittesting/user.go:26.19,28.3 1 0
github.com/eswaribala/claimapp/unittesting/user.go:29.2,29.22 1 1
github.com/eswaribala/claimapp/unittesting/user.go:29.22,31.3 1 0
github.com/eswaribala/claimapp/unittesting/user.go:34.2,35.29 2 1
github.com/eswaribala/claimapp/unittesting/user.go:35.29,37.3 1 1
github.com/eswaribala/claimapp/unittesting/user.go:39.2,40.30 2 1
github.com/eswaribala/claimapp/unittesting/user.go:40.30,42.3 1 0
github.com/eswaribala/claimapp/unittesting/user.go:44.2,44.25 1 1
github.com/eswaribala/claimapp/unittesting/user.go:44.25,46.3 1 0
github.com/eswaribala/claimapp/unittesting/user.go:47.2,54.38 5 1
github.com/eswaribala/claimapp/unittesting/user.go:54.38,56.3 1 0
github.com/eswaribala/claimapp/unittesting/user.go:57.2,57.12 1 1
