mode: set
github.com/eswaribala/claimapp/unittesting/user.go:20.37,23.18 1 1
github.com/eswaribala/claimapp/unittesting/user.go:23.18,25.3 1 0
github.com/eswaribala/claimapp/unittesting/user.go:28.2,29.29 2 1
github.com/eswaribala/claimapp/unittesting/user.go:29.29,31.3 1 1
github.com/eswaribala/claimapp/unittesting/user.go:33.2,33.12 1 1
github.com/eswaribala/claimapp/unittesting/user.go:36.56,37.19 1 1
github.com/eswaribala/claimapp/unittesting/user.go:37.19,39.3 1 0
github.com/eswaribala/claimapp/unittesting/user.go:41.2,42.30 2 1
github.com/eswaribala/claimapp/unittesting/user.go:42.30,44.3 1 1
github.com/eswaribala/claimapp/unittesting/user.go:45.2,45.12 1 0
github.com/eswaribala/claimapp/unittesting/user.go:49.59,51.22 1 1
github.com/eswaribala/claimapp/unittesting/user.go:51.22,53.3 1 0
github.com/eswaribala/claimapp/unittesting/user.go:55.2,55.25 1 1
github.com/eswaribala/claimapp/unittesting/user.go:55.25,57.3 1 0
github.com/eswaribala/claimapp/unittesting/user.go:58.2,65.38 5 1
github.com/eswaribala/claimapp/unittesting/user.go:65.38,67.3 1 1
github.com/eswaribala/claimapp/unittesting/user.go:68.2,68.12 1 0
